2016-07-14	12:24:17	arsalan(34)	null
2016-07-14	12:40:07	arsalan(34)	null
2016-07-14	13:16:02	arsalan(34)	null
2016-07-14	13:17:57	arsalan(34)	null
2016-07-14	13:22:50	arsalan(34)	null
2016-07-14	13:25:20	arsalan(34)	null
2016-07-14	13:26:50	arsalan(34)	null
2016-07-14	13:27:02	arsalan(34)	null
2016-07-15	11:37:51	sebhat(878)	null
2016-07-17	14:10:30	netdev5 ssss(875)	null
2016-07-17	15:35:27	netdev5 ssss(875)	null
2016-07-17	15:37:26	netdev5 ssss(875)	null
2016-07-18	01:39:31	netdev5 ssss(875)	null
2016-07-18	08:06:48	test77(794)	null
2016-07-18	08:18:14	test77(794)	null
2016-07-18	08:22:49	test77(794)	null
2016-07-18	08:34:50	test77(794)	null
2016-09-21	13:29:08	dev1(752)	null
2016-09-21	13:33:27	dev1(752)	null
2016-09-21	13:35:59	dev1(752)	null
2016-09-21	13:39:12	dev1(752)	null
2016-09-21	13:42:50	dev1(752)	null
2016-09-21	13:47:48	dev1(752)	null
2016-09-26	06:11:58	dev1(752)	null
2016-09-26	07:04:09	dev1(752)	null
2016-09-26	07:16:54	dev1(752)	null
